<?xml version="1.0" encoding="UTF-8"?>
<testsuite xmlns:xsi="http://www.w3.org/2001/XMLSchema-instance" xsi:noNamespaceSchemaLocation="https://maven.apache.org/surefire/maven-surefire-plugin/xsd/surefire-test-report.xsd" version="3.0.2" name="com.casnav.testeapi.ssgnApi.SsjgApplicationTests" time="8.841" tests="1" errors="0" skipped="0" failures="0">
  <properties>
[...]
</properties>
  <testcase name="contextLoads" classname="com.casnav.testeapi.ssgnApi.SsjgApplicationTests" time="0.552">
    <system-out><![CDATA[12:03:30.750 [main] INFO org.springframework.test.context.support.AnnotationConfigContextLoaderUtils -- Could not detect default configuration classes for test class [com.casnav.testeapi.ssgnApi.SsjgApplicationTests]: SsjgApplicationTests does not declare any static, non-private, non-final, nested classes annotated with @Configuration.
12:03:30.860 [main] INFO org.springframework.boot.test.context.SpringBootTestContextBootstrapper -- Found @SpringBootConfiguration com.casnav.testeapi.ssgnApi.SsjgApplication for test class com.casnav.testeapi.ssgnApi.SsjgApplicationTests

  .   ____          _            __ _ _
 /\\ / ___'_ __ _ _(_)_ __  __ _ \ \ \ \
( ( )\___ | '_ | '_| | '_ \/ _` | \ \ \ \
 \\/  ___)| |_)| | | | | || (_| |  ) ) ) )
  '  |____| .__|_| |_|_| |_\__, | / / / /
 =========|_|==============|___/=/_/_/_/

 :: Spring Boot ::                (v3.4.2)

2025-02-26T12:03:31.287-03:00  INFO 20032 --- [ssjg] [           main] c.c.t.ssgnApi.SsjgApplicationTests       : Starting SsjgApplicationTests using Java 21.0.3 with PID 20032 (started by vinicius in D:\Desenvolvimento\sts-workspace\spring-boot-jpa-udemy)
2025-02-26T12:03:31.289-03:00  INFO 20032 --- [ssjg] [           main] c.c.t.ssgnApi.SsjgApplicationTests       : The following 1 profile is active: "dev"
2025-02-26T12:03:32.255-03:00  INFO 20032 --- [ssjg] [           main] .s.d.r.c.RepositoryConfigurationDelegate : Bootstrapping Spring Data JPA repositories in DEFAULT mode.
2025-02-26T12:03:32.346-03:00  INFO 20032 --- [ssjg] [           main] .s.d.r.c.RepositoryConfigurationDelegate : Finished Spring Data repository scanning in 76 ms. Found 5 JPA repository interfaces.
2025-02-26T12:03:32.859-03:00  INFO 20032 --- [ssjg] [           main] o.hibernate.jpa.internal.util.LogHelper  : HHH000204: Processing PersistenceUnitInfo [name: default]
2025-02-26T12:03:32.926-03:00  INFO 20032 --- [ssjg] [           main] org.hibernate.Version                    : HHH000412: Hibernate ORM core version 6.6.5.Final
2025-02-26T12:03:32.970-03:00  INFO 20032 --- [ssjg] [           main] o.h.c.internal.RegionFactoryInitiator    : HHH000026: Second-level cache disabled
2025-02-26T12:03:33.284-03:00  INFO 20032 --- [ssjg] [           main] o.s.o.j.p.SpringPersistenceUnitInfo      : No LoadTimeWeaver setup: ignoring JPA class transformer
2025-02-26T12:03:33.324-03:00  INFO 20032 --- [ssjg] [           main] com.zaxxer.hikari.HikariDataSource       : HikariPool-1 - Starting...
2025-02-26T12:03:33.543-03:00  INFO 20032 --- [ssjg] [           main] com.zaxxer.hikari.pool.HikariPool        : HikariPool-1 - Added connection org.postgresql.jdbc.PgConnection@4e2109fe
2025-02-26T12:03:33.545-03:00  INFO 20032 --- [ssjg] [           main] com.zaxxer.hikari.HikariDataSource       : HikariPool-1 - Start completed.
2025-02-26T12:03:33.619-03:00  INFO 20032 --- [ssjg] [           main] org.hibernate.orm.connections.pooling    : HHH10001005: Database info:
	Database JDBC URL [Connecting through datasource 'HikariDataSource (HikariPool-1)']
	Database driver: undefined/unknown
	Database version: 17.0
	Autocommit mode: undefined/unknown
	Isolation level: undefined/unknown
	Minimum pool size: undefined/unknown
	Maximum pool size: undefined/unknown
2025-02-26T12:03:35.264-03:00  INFO 20032 --- [ssjg] [           main] o.h.m.i.EntityInstantiatorPojoStandard   : HHH000182: No default (no-argument) constructor for class: com.casnav.testeapi.ssgnApi.entities.catalogo_jogos.Catalogo_Jogos (class must be instantiated by Interceptor)
2025-02-26T12:03:35.704-03:00  INFO 20032 --- [ssjg] [           main] o.h.e.t.j.p.i.JtaPlatformInitiator       : HHH000489: No JTA platform available (set 'hibernate.transaction.jta.platform' to enable JTA platform integration)
Hibernate: 
    create table processo.guiagem_bomba (
        id_guiagem_bomba integer not null,
        abrev varchar(10) not null,
        nome varchar(50) not null,
        primary key (id_guiagem_bomba)
    )
2025-02-26T12:03:37.808-03:00  INFO 20032 --- [ssjg] [           main] j.LocalContainerEntityManagerFactoryBean : Initialized JPA EntityManagerFactory for persistence unit 'default'
2025-02-26T12:03:38.608-03:00  INFO 20032 --- [ssjg] [           main] c.c.t.ssgnApi.SsjgApplicationTests       : Started SsjgApplicationTests in 7.599 seconds (process running for 8.575)
Hibernate: 
    insert 
    into
        tb_category
        (name) 
    values
        (?)
Hibernate: 
    insert 
    into
        tb_category
        (name) 
    values
        (?)
Hibernate: 
    insert 
    into
        tb_category
        (name) 
    values
        (?)
Hibernate: 
    insert 
    into
        tb_product
        (description, imgurl, name, price) 
    values
        (?, ?, ?, ?)
Hibernate: 
    insert 
    into
        tb_product
        (description, imgurl, name, price) 
    values
        (?, ?, ?, ?)
Hibernate: 
    insert 
    into
        tb_product
        (description, imgurl, name, price) 
    values
        (?, ?, ?, ?)
Hibernate: 
    insert 
    into
        tb_product
        (description, imgurl, name, price) 
    values
        (?, ?, ?, ?)
Hibernate: 
    insert 
    into
        tb_product
        (description, imgurl, name, price) 
    values
        (?, ?, ?, ?)
Hibernate: 
    insert 
    into
        tb_user
        (email, name, password, phone) 
    values
        (?, ?, ?, ?)
Hibernate: 
    insert 
    into
        tb_user
        (email, name, password, phone) 
    values
        (?, ?, ?, ?)
Hibernate: 
    insert 
    into
        tb_order
        (cliente_id, moment, order_status) 
    values
        (?, ?, ?)
Hibernate: 
    insert 
    into
        tb_order
        (cliente_id, moment, order_status) 
    values
        (?, ?, ?)
Hibernate: 
    insert 
    into
        tb_order
        (cliente_id, moment, order_status) 
    values
        (?, ?, ?)
Hibernate: 
    select
        oi1_0.order_id,
        o1_0.id,
        c1_0.id,
        c1_0.email,
        c1_0.name,
        c1_0.password,
        c1_0.phone,
        o1_0.moment,
        o1_0.order_status,
        p1_0.order_id,
        p1_0.moment,
        oi1_0.product_id,
        p2_0.id,
        p2_0.description,
        p2_0.imgurl,
        p2_0.name,
        p2_0.price,
        oi1_0.price,
        oi1_0.quantity 
    from
        tb_order_item oi1_0 
    left join
        tb_order o1_0 
            on o1_0.id=oi1_0.order_id 
    left join
        tb_user c1_0 
            on c1_0.id=o1_0.cliente_id 
    left join
        tb_payment p1_0 
            on o1_0.id=p1_0.order_id 
    left join
        tb_product p2_0 
            on p2_0.id=oi1_0.product_id 
    where
        (
            oi1_0.order_id, oi1_0.product_id
        ) in ((?, ?))
Hibernate: 
    select
        oi1_0.order_id,
        o1_0.id,
        c1_0.id,
        c1_0.email,
        c1_0.name,
        c1_0.password,
        c1_0.phone,
        o1_0.moment,
        o1_0.order_status,
        p1_0.order_id,
        p1_0.moment,
        oi1_0.product_id,
        p2_0.id,
        p2_0.description,
        p2_0.imgurl,
        p2_0.name,
        p2_0.price,
        oi1_0.price,
        oi1_0.quantity 
    from
        tb_order_item oi1_0 
    left join
        tb_order o1_0 
            on o1_0.id=oi1_0.order_id 
    left join
        tb_user c1_0 
            on c1_0.id=o1_0.cliente_id 
    left join
        tb_payment p1_0 
            on o1_0.id=p1_0.order_id 
    left join
        tb_product p2_0 
            on p2_0.id=oi1_0.product_id 
    where
        (
            oi1_0.order_id, oi1_0.product_id
        ) in ((?, ?))
Hibernate: 
    select
        oi1_0.order_id,
        o1_0.id,
        c1_0.id,
        c1_0.email,
        c1_0.name,
        c1_0.password,
        c1_0.phone,
        o1_0.moment,
        o1_0.order_status,
        p1_0.order_id,
        p1_0.moment,
        oi1_0.product_id,
        p2_0.id,
        p2_0.description,
        p2_0.imgurl,
        p2_0.name,
        p2_0.price,
        oi1_0.price,
        oi1_0.quantity 
    from
        tb_order_item oi1_0 
    left join
        tb_order o1_0 
            on o1_0.id=oi1_0.order_id 
    left join
        tb_user c1_0 
            on c1_0.id=o1_0.cliente_id 
    left join
        tb_payment p1_0 
            on o1_0.id=p1_0.order_id 
    left join
        tb_product p2_0 
            on p2_0.id=oi1_0.product_id 
    where
        (
            oi1_0.order_id, oi1_0.product_id
        ) in ((?, ?))
Hibernate: 
    select
        oi1_0.order_id,
        o1_0.id,
        c1_0.id,
        c1_0.email,
        c1_0.name,
        c1_0.password,
        c1_0.phone,
        o1_0.moment,
        o1_0.order_status,
        p1_0.order_id,
        p1_0.moment,
        oi1_0.product_id,
        p2_0.id,
        p2_0.description,
        p2_0.imgurl,
        p2_0.name,
        p2_0.price,
        oi1_0.price,
        oi1_0.quantity 
    from
        tb_order_item oi1_0 
    left join
        tb_order o1_0 
            on o1_0.id=oi1_0.order_id 
    left join
        tb_user c1_0 
            on c1_0.id=o1_0.cliente_id 
    left join
        tb_payment p1_0 
            on o1_0.id=p1_0.order_id 
    left join
        tb_product p2_0 
            on p2_0.id=oi1_0.product_id 
    where
        (
            oi1_0.order_id, oi1_0.product_id
        ) in ((?, ?))
Hibernate: 
    insert 
    into
        tb_order_item
        (price, quantity, order_id, product_id) 
    values
        (?, ?, ?, ?)
Hibernate: 
    insert 
    into
        tb_order_item
        (price, quantity, order_id, product_id) 
    values
        (?, ?, ?, ?)
Hibernate: 
    insert 
    into
        tb_order_item
        (price, quantity, order_id, product_id) 
    values
        (?, ?, ?, ?)
Hibernate: 
    insert 
    into
        tb_order_item
        (price, quantity, order_id, product_id) 
    values
        (?, ?, ?, ?)
Hibernate: 
    select
        o1_0.id,
        c1_0.id,
        c1_0.email,
        c1_0.name,
        c1_0.password,
        c1_0.phone,
        o1_0.moment,
        o1_0.order_status,
        p1_0.order_id,
        p1_0.moment 
    from
        tb_order o1_0 
    left join
        tb_user c1_0 
            on c1_0.id=o1_0.cliente_id 
    left join
        tb_payment p1_0 
            on o1_0.id=p1_0.order_id 
    where
        o1_0.id=?
Hibernate: 
    insert 
    into
        tb_payment
        (moment, order_id) 
    values
        (?, ?)
Hibernate: 
    select
        p1_0.id,
        p1_0.description,
        p1_0.imgurl,
        p1_0.name,
        p1_0.price 
    from
        tb_product p1_0 
    where
        p1_0.id=?
Hibernate: 
    select
        c1_0.product_id,
        c1_1.id,
        c1_1.name 
    from
        tb_product_category c1_0 
    join
        tb_category c1_1 
            on c1_1.id=c1_0.category_id 
    where
        c1_0.product_id=?
Hibernate: 
    select
        c1_0.id,
        c1_0.name 
    from
        tb_category c1_0 
    where
        c1_0.id=?
Hibernate: 
    select
        p1_0.id,
        p1_0.description,
        p1_0.imgurl,
        p1_0.name,
        p1_0.price 
    from
        tb_product p1_0 
    where
        p1_0.id=?
Hibernate: 
    select
        c1_0.product_id,
        c1_1.id,
        c1_1.name 
    from
        tb_product_category c1_0 
    join
        tb_category c1_1 
            on c1_1.id=c1_0.category_id 
    where
        c1_0.product_id=?
Hibernate: 
    select
        c1_0.id,
        c1_0.name 
    from
        tb_category c1_0 
    where
        c1_0.id=?
Hibernate: 
    select
        c1_0.id,
        c1_0.name 
    from
        tb_category c1_0 
    where
        c1_0.id=?
Hibernate: 
    select
        p1_0.id,
        p1_0.description,
        p1_0.imgurl,
        p1_0.name,
        p1_0.price 
    from
        tb_product p1_0 
    where
        p1_0.id=?
Hibernate: 
    select
        c1_0.product_id,
        c1_1.id,
        c1_1.name 
    from
        tb_product_category c1_0 
    join
        tb_category c1_1 
            on c1_1.id=c1_0.category_id 
    where
        c1_0.product_id=?
Hibernate: 
    select
        p1_0.id,
        p1_0.description,
        p1_0.imgurl,
        p1_0.name,
        p1_0.price 
    from
        tb_product p1_0 
    where
        p1_0.id=?
Hibernate: 
    select
        c1_0.product_id,
        c1_1.id,
        c1_1.name 
    from
        tb_product_category c1_0 
    join
        tb_category c1_1 
            on c1_1.id=c1_0.category_id 
    where
        c1_0.product_id=?
Hibernate: 
    insert 
    into
        tb_product_category
        (product_id, category_id) 
    values
        (?, ?)
Hibernate: 
    insert 
    into
        tb_product_category
        (product_id, category_id) 
    values
        (?, ?)
Hibernate: 
    insert 
    into
        tb_product_category
        (product_id, category_id) 
    values
        (?, ?)
Hibernate: 
    insert 
    into
        tb_product_category
        (product_id, category_id) 
    values
        (?, ?)
Hibernate: 
    insert 
    into
        tb_product_category
        (product_id, category_id) 
    values
        (?, ?)
Hibernate: 
    insert 
    into
        tb_product_category
        (product_id, category_id) 
    values
        (?, ?)
Hibernate: 
    insert 
    into
        tb_product_category
        (product_id, category_id) 
    values
        (?, ?)
]]></system-out>
    <system-err><![CDATA[Mockito is currently self-attaching to enable the inline-mock-maker. This will no longer work in future releases of the JDK. Please add Mockito as an agent to your build what is described in Mockito's documentation: https://javadoc.io/doc/org.mockito/mockito-core/latest/org/mockito/Mockito.html#0.3
WARNING: A Java agent has been loaded dynamically (C:\Users\vinicius.SSGN\.m2\repository\net\bytebuddy\byte-buddy-agent\1.15.11\byte-buddy-agent-1.15.11.jar)
WARNING: If a serviceability tool is in use, please run with -XX:+EnableDynamicAgentLoading to hide this warning
WARNING: If a serviceability tool is not in use, please run with -Djdk.instrument.traceUsage for more information
WARNING: Dynamic loading of agents will be disallowed by default in a future release
]]></system-err>
  </testcase>
</testsuite>